<?xml version="1.0" encoding="UTF-8"?>
<!-- Generated by org.testng.reporters.JUnitReportReporter -->
<testsuite hostname="LAPTOP-0NRTAQ65" failures="0" tests="1" name="Ecommerce.Hai" time="8.054" errors="0" timestamp="11 Jun 2021 11:06:10 GMT" skipped="0">
  <testcase classname="Ecommerce.Hai" name="f" time="8.054"/>
</testsuite> <!-- Ecommerce.Hai -->
