<?xml version="1.0" encoding="UTF-8"?>
<!-- Generated by org.testng.reporters.JUnitReportReporter -->
<testsuite hostname="LAPTOP-0NRTAQ65" failures="0" tests="1" name="com.qa.tests.SnapDeal" time="31.943" errors="0" timestamp="24 Jun 2021 08:17:04 GMT" skipped="0">
  <testcase classname="com.qa.tests.SnapDeal" name="Register" time="31.943"/>
</testsuite> <!-- com.qa.tests.SnapDeal -->
