<?xml version="1.0" encoding="UTF-8"?>
<!-- Generated by org.testng.reporters.JUnitReportReporter -->
<testsuite hostname="LAPTOP-0NRTAQ65" failures="0" tests="1" name="com.qa.Utility.AmazonRegistration" time="1.295" errors="0" timestamp="18 Jun 2021 09:13:23 GMT" skipped="0">
  <testcase classname="com.qa.Utility.AmazonRegistration" name="newRegistration" time="1.295"/>
</testsuite> <!-- com.qa.Utility.AmazonRegistration -->
