<?xml version="1.0" encoding="UTF-8"?>
<!-- Generated by org.testng.reporters.JUnitReportReporter -->
<testsuite skipped="0" hostname="LAPTOP-0NRTAQ65" name="com.qa.tests.SnapDeal" tests="1" failures="0" timestamp="26 Jun 2021 07:54:20 GMT" time="30.828" errors="0">
  <testcase name="Register" time="30.828" classname="com.qa.tests.SnapDeal"/>
</testsuite> <!-- com.qa.tests.SnapDeal -->
